nohup: ignoring input
1:04:30 p.m. [32minfo[39m: Middleware setup completed {
  "service": "enhanced-pong-backend",
  "version": "1.6.0",
  "environment": "development"
}
1:04:30 p.m. [32minfo[39m: Routes setup completed {
  "service": "enhanced-pong-backend",
  "version": "1.6.0",
  "environment": "development"
}
1:04:30 p.m. [32minfo[39m: WebSocket setup completed {
  "service": "enhanced-pong-backend",
  "version": "1.6.0",
  "environment": "development"
}
1:04:30 p.m. [32minfo[39m: Error handling setup completed {
  "service": "enhanced-pong-backend",
  "version": "1.6.0",
  "environment": "development"
}
1:04:30 p.m. [32minfo[39m: SQLite database connected: ./data/enhanced-pong.db {
  "service": "enhanced-pong-backend",
  "version": "1.6.0",
  "environment": "development"
}
1:04:30 p.m. [32minfo[39m: Database tables created successfully {
  "service": "enhanced-pong-backend",
  "version": "1.6.0",
  "environment": "development"
}
1:04:30 p.m. [32minfo[39m: Database indexes created successfully {
  "service": "enhanced-pong-backend",
  "version": "1.6.0",
  "environment": "development"
}
1:04:30 p.m. [32minfo[39m: Initial data seeded successfully {
  "service": "enhanced-pong-backend",
  "version": "1.6.0",
  "environment": "development"
}
1:04:30 p.m. [32minfo[39m: Database initialized successfully {
  "service": "enhanced-pong-backend",
  "version": "1.6.0",
  "environment": "development"
}
1:04:30 p.m. [32minfo[39m: Database initialized successfully {
  "service": "enhanced-pong-backend",
  "version": "1.6.0",
  "environment": "development"
}
1:04:30 p.m. [32minfo[39m: Enhanced Pong Backend Server started {
  "service": "enhanced-pong-backend",
  "version": "1.6.0",
  "environment": "development"
}
1:04:30 p.m. [32minfo[39m: ðŸš€ Server running at http://localhost:3001 {
  "service": "enhanced-pong-backend",
  "version": "1.6.0",
  "environment": "development"
}
1:04:30 p.m. [32minfo[39m: ðŸŒ Environment: development {
  "service": "enhanced-pong-backend",
  "version": "1.6.0",
  "environment": "development"
}
1:04:30 p.m. [32minfo[39m: ðŸ“Š Health check: http://localhost:3001/health {
  "service": "enhanced-pong-backend",
  "version": "1.6.0",
  "environment": "development"
}
1:04:30 p.m. [32minfo[39m: ðŸ“– API docs: http://localhost:3001/api {
  "service": "enhanced-pong-backend",
  "version": "1.6.0",
  "environment": "development"
}
1:04:45 p.m. [32minfo[39m: ::1 - - [14/Sep/2025:17:04:45 +0000] "GET /health HTTP/1.1" 200 163 "-" "curl/8.16.0" {
  "service": "enhanced-pong-backend",
  "version": "1.6.0",
  "environment": "development"
}
1:04:57 p.m. [32minfo[39m: ::1 - - [14/Sep/2025:17:04:57 +0000] "GET /api HTTP/1.1" 200 561 "-" "curl/8.16.0" {
  "service": "enhanced-pong-backend",
  "version": "1.6.0",
  "environment": "development"
}
1:05:09 p.m. [31merror[39m: Database all error: SQLITE_ERROR: no such column: rating {
  "service": "enhanced-pong-backend",
  "version": "1.6.0",
  "environment": "development",
  "errno": 1,
  "code": "SQLITE_ERROR",
  "__augmented": true,
  "stack": "Error: SQLITE_ERROR: no such column: rating\n--> in Database#all('\\n' +\n  '            SELECT user_id, rating\\n' +\n  '            FROM game_stats \\n' +\n  \"            WHERE stat_date >= date('2025-09-13T17:05:09.231Z')\\n\" +\n  '            GROUP BY user_id\\n' +\n  '        ', [], [Function (anonymous)])\n    at /home/me/development/pong-ml-ai/backend/database/db.js:364:21\n    at new Promise (<anonymous>)\n    at DatabaseManager.all (/home/me/development/pong-ml-ai/backend/database/db.js:363:16)\n    at /home/me/development/pong-ml-ai/backend/routes/leaderboards.js:105:47"
}
1:05:09 p.m. [31merror[39m: Get global leaderboard error: SQLITE_ERROR: no such column: rating {
  "service": "enhanced-pong-backend",
  "version": "1.6.0",
  "environment": "development",
  "errno": 1,
  "code": "SQLITE_ERROR",
  "__augmented": true,
  "stack": "Error: SQLITE_ERROR: no such column: rating\n--> in Database#all('\\n' +\n  '            SELECT user_id, rating\\n' +\n  '            FROM game_stats \\n' +\n  \"            WHERE stat_date >= date('2025-09-13T17:05:09.231Z')\\n\" +\n  '            GROUP BY user_id\\n' +\n  '        ', [], [Function (anonymous)])\n    at /home/me/development/pong-ml-ai/backend/database/db.js:364:21\n    at new Promise (<anonymous>)\n    at DatabaseManager.all (/home/me/development/pong-ml-ai/backend/database/db.js:363:16)\n    at /home/me/development/pong-ml-ai/backend/routes/leaderboards.js:105:47"
}
1:05:09 p.m. [32minfo[39m: ::1 - - [14/Sep/2025:17:05:09 +0000] "GET /api/leaderboards/global HTTP/1.1" 500 65 "-" "curl/8.16.0" {
  "service": "enhanced-pong-backend",
  "version": "1.6.0",
  "environment": "development"
}
1:24:56 p.m. [32minfo[39m: ::1 - - [14/Sep/2025:17:24:56 +0000] "GET /health HTTP/1.1" 200 163 "-" "curl/8.16.0" {
  "service": "enhanced-pong-backend",
  "version": "1.6.0",
  "environment": "development"
}
