{"environment":"development","level":"info","message":"Middleware setup completed","service":"enhanced-pong-backend","timestamp":"2025-09-14 13:03:48","version":"1.6.0"}
{"environment":"development","level":"info","message":"Routes setup completed","service":"enhanced-pong-backend","timestamp":"2025-09-14 13:03:48","version":"1.6.0"}
{"environment":"development","level":"info","message":"WebSocket setup completed","service":"enhanced-pong-backend","timestamp":"2025-09-14 13:03:48","version":"1.6.0"}
{"environment":"development","level":"info","message":"Error handling setup completed","service":"enhanced-pong-backend","timestamp":"2025-09-14 13:03:48","version":"1.6.0"}
{"environment":"development","level":"info","message":"SQLite database connected: ./data/enhanced-pong.db","service":"enhanced-pong-backend","timestamp":"2025-09-14 13:03:48","version":"1.6.0"}
{"environment":"development","level":"info","message":"Database tables created successfully","service":"enhanced-pong-backend","timestamp":"2025-09-14 13:03:48","version":"1.6.0"}
{"environment":"development","level":"info","message":"Database indexes created successfully","service":"enhanced-pong-backend","timestamp":"2025-09-14 13:03:48","version":"1.6.0"}
{"environment":"development","level":"info","message":"Admin user created successfully","service":"enhanced-pong-backend","timestamp":"2025-09-14 13:03:49","version":"1.6.0"}
{"environment":"development","level":"info","message":"Initial data seeded successfully","service":"enhanced-pong-backend","timestamp":"2025-09-14 13:03:49","version":"1.6.0"}
{"environment":"development","level":"info","message":"Database initialized successfully","service":"enhanced-pong-backend","timestamp":"2025-09-14 13:03:49","version":"1.6.0"}
{"environment":"development","level":"info","message":"Database initialized successfully","service":"enhanced-pong-backend","timestamp":"2025-09-14 13:03:49","version":"1.6.0"}
{"environment":"development","level":"info","message":"Enhanced Pong Backend Server started","service":"enhanced-pong-backend","timestamp":"2025-09-14 13:03:49","version":"1.6.0"}
{"environment":"development","level":"info","message":"ðŸš€ Server running at http://localhost:3001","service":"enhanced-pong-backend","timestamp":"2025-09-14 13:03:49","version":"1.6.0"}
{"environment":"development","level":"info","message":"ðŸŒ Environment: development","service":"enhanced-pong-backend","timestamp":"2025-09-14 13:03:49","version":"1.6.0"}
{"environment":"development","level":"info","message":"ðŸ“Š Health check: http://localhost:3001/health","service":"enhanced-pong-backend","timestamp":"2025-09-14 13:03:49","version":"1.6.0"}
{"environment":"development","level":"info","message":"ðŸ“– API docs: http://localhost:3001/api","service":"enhanced-pong-backend","timestamp":"2025-09-14 13:03:49","version":"1.6.0"}
{"environment":"development","level":"info","message":"SIGTERM received, shutting down gracefully","service":"enhanced-pong-backend","timestamp":"2025-09-14 13:03:58","version":"1.6.0"}
{"environment":"development","level":"info","message":"Starting graceful shutdown...","service":"enhanced-pong-backend","timestamp":"2025-09-14 13:03:58","version":"1.6.0"}
{"environment":"development","level":"info","message":"Database connection closed","service":"enhanced-pong-backend","timestamp":"2025-09-14 13:03:58","version":"1.6.0"}
{"environment":"development","level":"info","message":"Middleware setup completed","service":"enhanced-pong-backend","timestamp":"2025-09-14 13:04:30","version":"1.6.0"}
{"environment":"development","level":"info","message":"Routes setup completed","service":"enhanced-pong-backend","timestamp":"2025-09-14 13:04:30","version":"1.6.0"}
{"environment":"development","level":"info","message":"WebSocket setup completed","service":"enhanced-pong-backend","timestamp":"2025-09-14 13:04:30","version":"1.6.0"}
{"environment":"development","level":"info","message":"Error handling setup completed","service":"enhanced-pong-backend","timestamp":"2025-09-14 13:04:30","version":"1.6.0"}
{"environment":"development","level":"info","message":"SQLite database connected: ./data/enhanced-pong.db","service":"enhanced-pong-backend","timestamp":"2025-09-14 13:04:30","version":"1.6.0"}
{"environment":"development","level":"info","message":"Database tables created successfully","service":"enhanced-pong-backend","timestamp":"2025-09-14 13:04:30","version":"1.6.0"}
{"environment":"development","level":"info","message":"Database indexes created successfully","service":"enhanced-pong-backend","timestamp":"2025-09-14 13:04:30","version":"1.6.0"}
{"environment":"development","level":"info","message":"Initial data seeded successfully","service":"enhanced-pong-backend","timestamp":"2025-09-14 13:04:30","version":"1.6.0"}
{"environment":"development","level":"info","message":"Database initialized successfully","service":"enhanced-pong-backend","timestamp":"2025-09-14 13:04:30","version":"1.6.0"}
{"environment":"development","level":"info","message":"Database initialized successfully","service":"enhanced-pong-backend","timestamp":"2025-09-14 13:04:30","version":"1.6.0"}
{"environment":"development","level":"info","message":"Enhanced Pong Backend Server started","service":"enhanced-pong-backend","timestamp":"2025-09-14 13:04:30","version":"1.6.0"}
{"environment":"development","level":"info","message":"ðŸš€ Server running at http://localhost:3001","service":"enhanced-pong-backend","timestamp":"2025-09-14 13:04:30","version":"1.6.0"}
{"environment":"development","level":"info","message":"ðŸŒ Environment: development","service":"enhanced-pong-backend","timestamp":"2025-09-14 13:04:30","version":"1.6.0"}
{"environment":"development","level":"info","message":"ðŸ“Š Health check: http://localhost:3001/health","service":"enhanced-pong-backend","timestamp":"2025-09-14 13:04:30","version":"1.6.0"}
{"environment":"development","level":"info","message":"ðŸ“– API docs: http://localhost:3001/api","service":"enhanced-pong-backend","timestamp":"2025-09-14 13:04:30","version":"1.6.0"}
{"environment":"development","level":"info","message":"::1 - - [14/Sep/2025:17:04:45 +0000] \"GET /health HTTP/1.1\" 200 163 \"-\" \"curl/8.16.0\"","service":"enhanced-pong-backend","timestamp":"2025-09-14 13:04:45","version":"1.6.0"}
{"environment":"development","level":"info","message":"::1 - - [14/Sep/2025:17:04:57 +0000] \"GET /api HTTP/1.1\" 200 561 \"-\" \"curl/8.16.0\"","service":"enhanced-pong-backend","timestamp":"2025-09-14 13:04:57","version":"1.6.0"}
{"__augmented":true,"code":"SQLITE_ERROR","environment":"development","errno":1,"level":"error","message":"Database all error: SQLITE_ERROR: no such column: rating","service":"enhanced-pong-backend","stack":"Error: SQLITE_ERROR: no such column: rating\n--> in Database#all('\\n' +\n  '            SELECT user_id, rating\\n' +\n  '            FROM game_stats \\n' +\n  \"            WHERE stat_date >= date('2025-09-13T17:05:09.231Z')\\n\" +\n  '            GROUP BY user_id\\n' +\n  '        ', [], [Function (anonymous)])\n    at /home/me/development/pong-ml-ai/backend/database/db.js:364:21\n    at new Promise (<anonymous>)\n    at DatabaseManager.all (/home/me/development/pong-ml-ai/backend/database/db.js:363:16)\n    at /home/me/development/pong-ml-ai/backend/routes/leaderboards.js:105:47","timestamp":"2025-09-14 13:05:09","version":"1.6.0"}
{"__augmented":true,"code":"SQLITE_ERROR","environment":"development","errno":1,"level":"error","message":"Get global leaderboard error: SQLITE_ERROR: no such column: rating","service":"enhanced-pong-backend","stack":"Error: SQLITE_ERROR: no such column: rating\n--> in Database#all('\\n' +\n  '            SELECT user_id, rating\\n' +\n  '            FROM game_stats \\n' +\n  \"            WHERE stat_date >= date('2025-09-13T17:05:09.231Z')\\n\" +\n  '            GROUP BY user_id\\n' +\n  '        ', [], [Function (anonymous)])\n    at /home/me/development/pong-ml-ai/backend/database/db.js:364:21\n    at new Promise (<anonymous>)\n    at DatabaseManager.all (/home/me/development/pong-ml-ai/backend/database/db.js:363:16)\n    at /home/me/development/pong-ml-ai/backend/routes/leaderboards.js:105:47","timestamp":"2025-09-14 13:05:09","version":"1.6.0"}
{"environment":"development","level":"info","message":"::1 - - [14/Sep/2025:17:05:09 +0000] \"GET /api/leaderboards/global HTTP/1.1\" 500 65 \"-\" \"curl/8.16.0\"","service":"enhanced-pong-backend","timestamp":"2025-09-14 13:05:09","version":"1.6.0"}
{"environment":"development","level":"info","message":"Middleware setup completed","service":"enhanced-pong-backend","timestamp":"2025-09-14 13:22:11","version":"1.6.0"}
{"environment":"development","level":"info","message":"Routes setup completed","service":"enhanced-pong-backend","timestamp":"2025-09-14 13:22:12","version":"1.6.0"}
{"environment":"development","level":"info","message":"WebSocket setup completed","service":"enhanced-pong-backend","timestamp":"2025-09-14 13:22:12","version":"1.6.0"}
{"environment":"development","level":"info","message":"Error handling setup completed","service":"enhanced-pong-backend","timestamp":"2025-09-14 13:22:12","version":"1.6.0"}
{"environment":"development","level":"info","message":"SQLite database connected: ./data/enhanced-pong.db","service":"enhanced-pong-backend","timestamp":"2025-09-14 13:22:12","version":"1.6.0"}
{"environment":"development","level":"info","message":"Database tables created successfully","service":"enhanced-pong-backend","timestamp":"2025-09-14 13:22:12","version":"1.6.0"}
{"environment":"development","level":"info","message":"Database indexes created successfully","service":"enhanced-pong-backend","timestamp":"2025-09-14 13:22:12","version":"1.6.0"}
{"environment":"development","level":"info","message":"Initial data seeded successfully","service":"enhanced-pong-backend","timestamp":"2025-09-14 13:22:12","version":"1.6.0"}
{"environment":"development","level":"info","message":"Database initialized successfully","service":"enhanced-pong-backend","timestamp":"2025-09-14 13:22:12","version":"1.6.0"}
{"environment":"development","level":"info","message":"Database initialized successfully","service":"enhanced-pong-backend","timestamp":"2025-09-14 13:22:12","version":"1.6.0"}
{"address":"::1","code":"EADDRINUSE","environment":"development","errno":-98,"level":"error","message":"Uncaught Exception: listen EADDRINUSE: address already in use ::1:3001","port":3001,"service":"enhanced-pong-backend","stack":"Error: listen EADDRINUSE: address already in use ::1:3001\n    at Server.setupListenHandle [as _listen2] (node:net:1940:16)\n    at listenInCluster (node:net:1997:12)\n    at GetAddrInfoReqWrap.callback (node:net:2206:7)\n    at GetAddrInfoReqWrap.onlookupall [as oncomplete] (node:dns:134:8)","syscall":"listen","timestamp":"2025-09-14 13:22:12","version":"1.6.0"}
{"environment":"development","level":"info","message":"::1 - - [14/Sep/2025:17:24:56 +0000] \"GET /health HTTP/1.1\" 200 163 \"-\" \"curl/8.16.0\"","service":"enhanced-pong-backend","timestamp":"2025-09-14 13:24:56","version":"1.6.0"}
{"environment":"development","level":"info","message":"::1 - - [14/Sep/2025:17:43:12 +0000] \"GET /health HTTP/1.1\" 200 163 \"-\" \"curl/8.16.0\"","service":"enhanced-pong-backend","timestamp":"2025-09-14 13:43:12","version":"1.6.0"}
