2025-09-14 13:03:03 [ERROR]: uncaughtException: Cannot find module './middleware/errorHandler'
Require stack:
- /home/me/development/pong-ml-ai/backend/server.js
Error: Cannot find module './middleware/errorHandler'
Require stack:
- /home/me/development/pong-ml-ai/backend/server.js
    at Module._resolveFilename (node:internal/modules/cjs/loader:1410:15)
    at defaultResolveImpl (node:internal/modules/cjs/loader:1051:19)
    at resolveForCJSWithHooks (node:internal/modules/cjs/loader:1056:22)
    at Module._load (node:internal/modules/cjs/loader:1219:37)
    at TracingChannel.traceSync (node:diagnostics_channel:322:14)
    at wrapModuleLoad (node:internal/modules/cjs/loader:238:24)
    at Module.require (node:internal/modules/cjs/loader:1493:12)
    at require (node:internal/modules/helpers:152:16)
    at Object.<anonymous> (/home/me/development/pong-ml-ai/backend/server.js:45:22)
    at Module._compile (node:internal/modules/cjs/loader:1738:14) {"error":{"code":"MODULE_NOT_FOUND","requireStack":["/home/me/development/pong-ml-ai/backend/server.js"]},"stack":"Error: Cannot find module './middleware/errorHandler'\nRequire stack:\n- /home/me/development/pong-ml-ai/backend/server.js\n    at Module._resolveFilename (node:internal/modules/cjs/loader:1410:15)\n    at defaultResolveImpl (node:internal/modules/cjs/loader:1051:19)\n    at resolveForCJSWithHooks (node:internal/modules/cjs/loader:1056:22)\n    at Module._load (node:internal/modules/cjs/loader:1219:37)\n    at TracingChannel.traceSync (node:diagnostics_channel:322:14)\n    at wrapModuleLoad (node:internal/modules/cjs/loader:238:24)\n    at Module.require (node:internal/modules/cjs/loader:1493:12)\n    at require (node:internal/modules/helpers:152:16)\n    at Object.<anonymous> (/home/me/development/pong-ml-ai/backend/server.js:45:22)\n    at Module._compile (node:internal/modules/cjs/loader:1738:14)","exception":true,"date":"Sun Sep 14 2025 13:03:03 GMT-0400 (Eastern Daylight Saving Time)","process":{"pid":1445732,"uid":1000,"gid":1000,"cwd":"/home/me/development/pong-ml-ai/backend","execPath":"/usr/bin/node","version":"v24.7.0","argv":["/usr/bin/node","/home/me/development/pong-ml-ai/backend/server.js"],"memoryUsage":{"rss":77955072,"heapTotal":21557248,"heapUsed":15368096,"external":2178156,"arrayBuffers":18931}},"os":{"loadavg":[3.45,3.47,2.83],"uptime":367070.88},"trace":[{"column":15,"file":"node:internal/modules/cjs/loader","function":"Module._resolveFilename","line":1410,"method":"_resolveFilename","native":false},{"column":19,"file":"node:internal/modules/cjs/loader","function":"defaultResolveImpl","line":1051,"method":null,"native":false},{"column":22,"file":"node:internal/modules/cjs/loader","function":"resolveForCJSWithHooks","line":1056,"method":null,"native":false},{"column":37,"file":"node:internal/modules/cjs/loader","function":"Module._load","line":1219,"method":"_load","native":false},{"column":14,"file":"node:diagnostics_channel","function":"TracingChannel.traceSync","line":322,"method":"traceSync","native":false},{"column":24,"file":"node:internal/modules/cjs/loader","function":"wrapModuleLoad","line":238,"method":null,"native":false},{"column":12,"file":"node:internal/modules/cjs/loader","function":"Module.require","line":1493,"method":"require","native":false},{"column":16,"file":"node:internal/modules/helpers","function":"require","line":152,"method":null,"native":false},{"column":22,"file":"/home/me/development/pong-ml-ai/backend/server.js","function":null,"line":45,"method":null,"native":false},{"column":14,"file":"node:internal/modules/cjs/loader","function":"Module._compile","line":1738,"method":"_compile","native":false}],"service":"enhanced-pong-backend","version":"1.6.0","environment":"development"}
2025-09-14 13:03:13 [ERROR]: uncaughtException: Cannot find module './middleware/errorHandler'
Require stack:
- /home/me/development/pong-ml-ai/backend/server.js
Error: Cannot find module './middleware/errorHandler'
Require stack:
- /home/me/development/pong-ml-ai/backend/server.js
    at Module._resolveFilename (node:internal/modules/cjs/loader:1410:15)
    at defaultResolveImpl (node:internal/modules/cjs/loader:1051:19)
    at resolveForCJSWithHooks (node:internal/modules/cjs/loader:1056:22)
    at Module._load (node:internal/modules/cjs/loader:1219:37)
    at TracingChannel.traceSync (node:diagnostics_channel:322:14)
    at wrapModuleLoad (node:internal/modules/cjs/loader:238:24)
    at Module.require (node:internal/modules/cjs/loader:1493:12)
    at require (node:internal/modules/helpers:152:16)
    at Object.<anonymous> (/home/me/development/pong-ml-ai/backend/server.js:45:22)
    at Module._compile (node:internal/modules/cjs/loader:1738:14) {"error":{"code":"MODULE_NOT_FOUND","requireStack":["/home/me/development/pong-ml-ai/backend/server.js"]},"stack":"Error: Cannot find module './middleware/errorHandler'\nRequire stack:\n- /home/me/development/pong-ml-ai/backend/server.js\n    at Module._resolveFilename (node:internal/modules/cjs/loader:1410:15)\n    at defaultResolveImpl (node:internal/modules/cjs/loader:1051:19)\n    at resolveForCJSWithHooks (node:internal/modules/cjs/loader:1056:22)\n    at Module._load (node:internal/modules/cjs/loader:1219:37)\n    at TracingChannel.traceSync (node:diagnostics_channel:322:14)\n    at wrapModuleLoad (node:internal/modules/cjs/loader:238:24)\n    at Module.require (node:internal/modules/cjs/loader:1493:12)\n    at require (node:internal/modules/helpers:152:16)\n    at Object.<anonymous> (/home/me/development/pong-ml-ai/backend/server.js:45:22)\n    at Module._compile (node:internal/modules/cjs/loader:1738:14)","exception":true,"date":"Sun Sep 14 2025 13:03:13 GMT-0400 (Eastern Daylight Saving Time)","process":{"pid":1445925,"uid":1000,"gid":1000,"cwd":"/home/me/development/pong-ml-ai/backend","execPath":"/usr/bin/node","version":"v24.7.0","argv":["/usr/bin/node","/home/me/development/pong-ml-ai/backend/server.js"],"memoryUsage":{"rss":77602816,"heapTotal":21557248,"heapUsed":15305736,"external":2178156,"arrayBuffers":18931}},"os":{"loadavg":[3.46,3.47,2.84],"uptime":367080.77},"trace":[{"column":15,"file":"node:internal/modules/cjs/loader","function":"Module._resolveFilename","line":1410,"method":"_resolveFilename","native":false},{"column":19,"file":"node:internal/modules/cjs/loader","function":"defaultResolveImpl","line":1051,"method":null,"native":false},{"column":22,"file":"node:internal/modules/cjs/loader","function":"resolveForCJSWithHooks","line":1056,"method":null,"native":false},{"column":37,"file":"node:internal/modules/cjs/loader","function":"Module._load","line":1219,"method":"_load","native":false},{"column":14,"file":"node:diagnostics_channel","function":"TracingChannel.traceSync","line":322,"method":"traceSync","native":false},{"column":24,"file":"node:internal/modules/cjs/loader","function":"wrapModuleLoad","line":238,"method":null,"native":false},{"column":12,"file":"node:internal/modules/cjs/loader","function":"Module.require","line":1493,"method":"require","native":false},{"column":16,"file":"node:internal/modules/helpers","function":"require","line":152,"method":null,"native":false},{"column":22,"file":"/home/me/development/pong-ml-ai/backend/server.js","function":null,"line":45,"method":null,"native":false},{"column":14,"file":"node:internal/modules/cjs/loader","function":"Module._compile","line":1738,"method":"_compile","native":false}],"service":"enhanced-pong-backend","version":"1.6.0","environment":"development"}
2025-09-14 13:22:12 [ERROR]: uncaughtException: listen EADDRINUSE: address already in use ::1:3001
Error: listen EADDRINUSE: address already in use ::1:3001
    at Server.setupListenHandle [as _listen2] (node:net:1940:16)
    at listenInCluster (node:net:1997:12)
    at GetAddrInfoReqWrap.callback (node:net:2206:7)
    at GetAddrInfoReqWrap.onlookupall [as oncomplete] (node:dns:134:8) {"error":{"code":"EADDRINUSE","errno":-98,"syscall":"listen","address":"::1","port":3001},"stack":"Error: listen EADDRINUSE: address already in use ::1:3001\n    at Server.setupListenHandle [as _listen2] (node:net:1940:16)\n    at listenInCluster (node:net:1997:12)\n    at GetAddrInfoReqWrap.callback (node:net:2206:7)\n    at GetAddrInfoReqWrap.onlookupall [as oncomplete] (node:dns:134:8)","exception":true,"date":"Sun Sep 14 2025 13:22:12 GMT-0400 (Eastern Daylight Saving Time)","process":{"pid":1462672,"uid":1000,"gid":1000,"cwd":"/home/me/development/pong-ml-ai/backend","execPath":"/usr/bin/node","version":"v24.7.0","argv":["/usr/bin/node","/home/me/development/pong-ml-ai/backend/server.js"],"memoryUsage":{"rss":91312128,"heapTotal":32206848,"heapUsed":13825296,"external":2303637,"arrayBuffers":19111}},"os":{"loadavg":[2.59,2.25,2.38],"uptime":368219.35},"trace":[{"column":16,"file":"node:net","function":"Server.setupListenHandle [as _listen2]","line":1940,"method":"setupListenHandle [as _listen2]","native":false},{"column":12,"file":"node:net","function":"listenInCluster","line":1997,"method":null,"native":false},{"column":7,"file":"node:net","function":"GetAddrInfoReqWrap.callback","line":2206,"method":"callback","native":false},{"column":8,"file":"node:dns","function":"GetAddrInfoReqWrap.onlookupall [as oncomplete]","line":134,"method":"onlookupall [as oncomplete]","native":false}],"service":"enhanced-pong-backend","version":"1.6.0","environment":"development"}
